0 info it worked if it ends with ok
1 verbose cli [ 'node', '/usr/local/bin/npm', 'install' ]
2 info using npm@1.1.45
3 info using node@v0.8.4
4 verbose config file /Users/jeffrey/.npmrc
5 verbose config file /usr/local/etc/npmrc
6 verbose config file /usr/local/lib/node_modules/npm/npmrc
7 verbose read json /Users/jeffrey/WebstormProjects/middlewarerouting/package.json
8 error install Couldn't read dependencies
9 error Failed to parse json
9 error Unexpected token l
10 error File: /Users/jeffrey/WebstormProjects/middlewarerouting/package.json
11 error Failed to parse package.json data.
11 error package.json must be actual JSON, not just JavaScript.
11 error
11 error This is not a bug in npm.
11 error Tell the package author to fix their package.json file. JSON.parse
12 error System Darwin 11.4.0
13 error command "node" "/usr/local/bin/npm" "install"
14 error cwd /Users/jeffrey/WebstormProjects/middlewarerouting
15 error node -v v0.8.4
16 error npm -v 1.1.45
17 error file /Users/jeffrey/WebstormProjects/middlewarerouting/package.json
18 error code EJSONPARSE
19 verbose exit [ 1, true ]
